2025-10-15T13:01:04+07:00 RETURN - Missing DB connection. Tried: ["C:\\xampp\\htdocs\\api\\project\\vnpay_php\/..\/connect.php","C:\\xampp\\htdocs\\api\\project\\vnpay_php\/connect.php","C:\\xampp\\htdocs\\api\\project\\vnpay_php\/..\/..\/connect.php","C:\\xampp\\htdocs\\api\\project\\vnpay_php\/..\/api\/connect.php","C:\\xampp\\htdocs\\api\\project\\vnpay_php\/..\/..\/..\/connect.php"]
2025-10-15T13:17:50+07:00 RETURN - using connect.php: C:\xampp\htdocs\api\project\vnpay_php/../connect.php
2025-10-15T13:17:50+07:00 RETURN CALLED: {"vnp_Amount":"175000000","vnp_BankCode":"NCB","vnp_BankTranNo":"VNP15204121","vnp_CardType":"ATM","vnp_OrderInfo":"Thanh toan don hang #97","vnp_PayDate":"20251015131922","vnp_ResponseCode":"00","vnp_TmnCode":"0A04INQE","vnp_TransactionNo":"15204121","vnp_TransactionStatus":"00","vnp_TxnRef":"97_1760509004","vnp_SecureHash":"36a676f0d22c786bacffc63742e619f38f5b7ccd16652915675db02eff55aa216978ad4d5bd79424b7f711cb0e5eb3cc7531d02a559fe6502b94297dcb3b987d"}
2025-10-15T13:17:50+07:00 RETURN HASHCHECK our=36a676f0d22c786bacffc63742e619f38f5b7ccd16652915675db02eff55aa216978ad4d5bd79424b7f711cb0e5eb3cc7531d02a559fe6502b94297dcb3b987d theirs=36a676f0d22c786bacffc63742e619f38f5b7ccd16652915675db02eff55aa216978ad4d5bd79424b7f711cb0e5eb3cc7531d02a559fe6502b94297dcb3b987d hashData=vnp_Amount=175000000&vnp_BankCode=NCB&vnp_BankTranNo=VNP15204121&vnp_CardType=ATM&vnp_OrderInfo=Thanh+toan+don+hang+%2397&vnp_PayDate=20251015131922&vnp_ResponseCode=00&vnp_TmnCode=0A04INQE&vnp_TransactionNo=15204121&vnp_TransactionStatus=00&vnp_TxnRef=97_1760509004
2025-10-15T13:17:50+07:00 RETURN PROCESSED SUCCESS: order=97 txn=15204121 amount=70
2025-10-15T13:25:16+07:00 RETURN - using connect.php: C:\xampp\htdocs\api\project\vnpay_php/../connect.php
2025-10-15T13:25:16+07:00 RETURN CALLED: {"vnp_Amount":"175000000","vnp_BankCode":"NCB","vnp_BankTranNo":"VNP15204129","vnp_CardType":"ATM","vnp_OrderInfo":"Thanh toan don hang #98","vnp_PayDate":"20251015132648","vnp_ResponseCode":"00","vnp_TmnCode":"0A04INQE","vnp_TransactionNo":"15204129","vnp_TransactionStatus":"00","vnp_TxnRef":"98_1760509475","vnp_SecureHash":"e7ab55661d955d4bc2f3510cd49cd218335dc5fd593590f869ce0f256f8ac44e00b90f97e44d84000b731d303aafab3b6e5f1a11091554f5e33c11b9655fb4dd"}
2025-10-15T13:25:16+07:00 RETURN HASHCHECK our=e7ab55661d955d4bc2f3510cd49cd218335dc5fd593590f869ce0f256f8ac44e00b90f97e44d84000b731d303aafab3b6e5f1a11091554f5e33c11b9655fb4dd theirs=e7ab55661d955d4bc2f3510cd49cd218335dc5fd593590f869ce0f256f8ac44e00b90f97e44d84000b731d303aafab3b6e5f1a11091554f5e33c11b9655fb4dd hashData=vnp_Amount=175000000&vnp_BankCode=NCB&vnp_BankTranNo=VNP15204129&vnp_CardType=ATM&vnp_OrderInfo=Thanh+toan+don+hang+%2398&vnp_PayDate=20251015132648&vnp_ResponseCode=00&vnp_TmnCode=0A04INQE&vnp_TransactionNo=15204129&vnp_TransactionStatus=00&vnp_TxnRef=98_1760509475
2025-10-15T13:25:16+07:00 RETURN PROCESSED SUCCESS: order=98 txn=15204129 amount=70
2025-10-15T13:35:49+07:00 RETURN - using connect.php: C:\xampp\htdocs\api\project\vnpay_php/../connect.php
2025-10-15T13:35:49+07:00 RETURN CALLED: {"vnp_Amount":"375000000","vnp_BankCode":"NCB","vnp_BankTranNo":"VNP15204151","vnp_CardType":"ATM","vnp_OrderInfo":"Thanh toan don hang #101","vnp_PayDate":"20251015133718","vnp_ResponseCode":"00","vnp_TmnCode":"0A04INQE","vnp_TransactionNo":"15204151","vnp_TransactionStatus":"00","vnp_TxnRef":"101_1760510116","vnp_SecureHash":"9efdadb18d345f3f2b89285b1cc96157135afbdb1b1193fee597ff5d8430f8cb121cde7b5f8ae4b10cbe0b27feb91e567c16d71a34c5e0d47882bdbc01a0b519"}
2025-10-15T13:35:49+07:00 RETURN HASHCHECK our=9efdadb18d345f3f2b89285b1cc96157135afbdb1b1193fee597ff5d8430f8cb121cde7b5f8ae4b10cbe0b27feb91e567c16d71a34c5e0d47882bdbc01a0b519 theirs=9efdadb18d345f3f2b89285b1cc96157135afbdb1b1193fee597ff5d8430f8cb121cde7b5f8ae4b10cbe0b27feb91e567c16d71a34c5e0d47882bdbc01a0b519 hashData=vnp_Amount=375000000&vnp_BankCode=NCB&vnp_BankTranNo=VNP15204151&vnp_CardType=ATM&vnp_OrderInfo=Thanh+toan+don+hang+%23101&vnp_PayDate=20251015133718&vnp_ResponseCode=00&vnp_TmnCode=0A04INQE&vnp_TransactionNo=15204151&vnp_TransactionStatus=00&vnp_TxnRef=101_1760510116
2025-10-15T13:35:49+07:00 RETURN CLEARED CART: user=6 cart_id=1
2025-10-15T13:35:49+07:00 RETURN PROCESSED SUCCESS: order=101 txn=15204151 amount=150
2025-10-15T13:46:17+07:00 RETURN - using connect.php: C:\xampp\htdocs\api\project\vnpay_php/../connect.php
2025-10-15T13:46:17+07:00 RETURN CALLED: {"vnp_Amount":"425000000","vnp_BankCode":"NCB","vnp_BankTranNo":"VNP15204169","vnp_CardType":"ATM","vnp_OrderInfo":"Thanh toan don hang #103","vnp_PayDate":"20251015134746","vnp_ResponseCode":"00","vnp_TmnCode":"0A04INQE","vnp_TransactionNo":"15204169","vnp_TransactionStatus":"00","vnp_TxnRef":"103_1760510742","vnp_SecureHash":"c3109bfe0b5d82548fbabdc4a0e7fedaa5b53d395ee164ab979473e29e5f1eea5165abbe044d97998a380d3f0ab951e67f07b50248488b985755dd45f9b5c4f8"}
2025-10-15T13:46:17+07:00 RETURN HASHCHECK our=c3109bfe0b5d82548fbabdc4a0e7fedaa5b53d395ee164ab979473e29e5f1eea5165abbe044d97998a380d3f0ab951e67f07b50248488b985755dd45f9b5c4f8 theirs=c3109bfe0b5d82548fbabdc4a0e7fedaa5b53d395ee164ab979473e29e5f1eea5165abbe044d97998a380d3f0ab951e67f07b50248488b985755dd45f9b5c4f8 hashData=vnp_Amount=425000000&vnp_BankCode=NCB&vnp_BankTranNo=VNP15204169&vnp_CardType=ATM&vnp_OrderInfo=Thanh+toan+don+hang+%23103&vnp_PayDate=20251015134746&vnp_ResponseCode=00&vnp_TmnCode=0A04INQE&vnp_TransactionNo=15204169&vnp_TransactionStatus=00&vnp_TxnRef=103_1760510742
2025-10-15T13:46:17+07:00 RETURN CLEARED CART: user=6 cart_id=1
2025-10-15T13:46:17+07:00 RETURN PROCESSED SUCCESS: order=103 txn=15204169 amount=170
2025-10-15T13:57:35+07:00 RETURN - using connect.php: C:\xampp\htdocs\api\project\vnpay_php/../connect.php
2025-10-15T13:57:35+07:00 RETURN CALLED: {"vnp_Amount":"425000000","vnp_BankCode":"NCB","vnp_BankTranNo":"VNP15204210","vnp_CardType":"ATM","vnp_OrderInfo":"Thanh toan don hang #105","vnp_PayDate":"20251015135905","vnp_ResponseCode":"00","vnp_TmnCode":"0A04INQE","vnp_TransactionNo":"15204210","vnp_TransactionStatus":"00","vnp_TxnRef":"105_1760511422","vnp_SecureHash":"469d8a935fe1bed75b2022939d17b5017c5902d2946249866b695abba35208ac790ab155df9e6ba86bf4b455654913c7872207409bc05b8114b2f3ad1ecbc05c"}
2025-10-15T13:57:35+07:00 RETURN HASHCHECK our=469d8a935fe1bed75b2022939d17b5017c5902d2946249866b695abba35208ac790ab155df9e6ba86bf4b455654913c7872207409bc05b8114b2f3ad1ecbc05c theirs=469d8a935fe1bed75b2022939d17b5017c5902d2946249866b695abba35208ac790ab155df9e6ba86bf4b455654913c7872207409bc05b8114b2f3ad1ecbc05c hashData=vnp_Amount=425000000&vnp_BankCode=NCB&vnp_BankTranNo=VNP15204210&vnp_CardType=ATM&vnp_OrderInfo=Thanh+toan+don+hang+%23105&vnp_PayDate=20251015135905&vnp_ResponseCode=00&vnp_TmnCode=0A04INQE&vnp_TransactionNo=15204210&vnp_TransactionStatus=00&vnp_TxnRef=105_1760511422
2025-10-15T13:57:35+07:00 RETURN CLEARED CART: user=6 cart_id=1
2025-10-15T13:57:35+07:00 RETURN PROCESSED SUCCESS: order=105 txn=15204210 amount=170
2025-10-15T14:00:03+07:00 RETURN - using connect.php: C:\xampp\htdocs\api\project\vnpay_php/../connect.php
2025-10-15T14:00:03+07:00 RETURN CALLED: {"vnp_Amount":"425000000","vnp_BankCode":"NCB","vnp_BankTranNo":"VNP15204220","vnp_CardType":"ATM","vnp_OrderInfo":"Thanh toan don hang #106","vnp_PayDate":"20251015140138","vnp_ResponseCode":"00","vnp_TmnCode":"0A04INQE","vnp_TransactionNo":"15204220","vnp_TransactionStatus":"00","vnp_TxnRef":"106_1760511576","vnp_SecureHash":"79f52f7c10ec0923b5f621ff6d8c99d05fb36d8d8eb1ec808369d6acaad72220d9c6198a6fc8bd984a221e9c9eefdfa1f8a22b5f753ff341e858cb43730c187d"}
2025-10-15T14:00:03+07:00 RETURN HASHCHECK our=79f52f7c10ec0923b5f621ff6d8c99d05fb36d8d8eb1ec808369d6acaad72220d9c6198a6fc8bd984a221e9c9eefdfa1f8a22b5f753ff341e858cb43730c187d theirs=79f52f7c10ec0923b5f621ff6d8c99d05fb36d8d8eb1ec808369d6acaad72220d9c6198a6fc8bd984a221e9c9eefdfa1f8a22b5f753ff341e858cb43730c187d hashData=vnp_Amount=425000000&vnp_BankCode=NCB&vnp_BankTranNo=VNP15204220&vnp_CardType=ATM&vnp_OrderInfo=Thanh+toan+don+hang+%23106&vnp_PayDate=20251015140138&vnp_ResponseCode=00&vnp_TmnCode=0A04INQE&vnp_TransactionNo=15204220&vnp_TransactionStatus=00&vnp_TxnRef=106_1760511576
2025-10-15T14:00:03+07:00 RETURN CLEARED CART: user=6 cart_id=1
2025-10-15T14:00:03+07:00 RETURN PROCESSED SUCCESS: order=106 txn=15204220 amount=170
2025-10-15T14:05:36+07:00 RETURN CALLED: {"vnp_Amount":"425000000","vnp_BankCode":"NCB","vnp_BankTranNo":"VNP15204241","vnp_CardType":"ATM","vnp_OrderInfo":"Thanh toan don hang #107","vnp_PayDate":"20251015140709","vnp_ResponseCode":"00","vnp_TmnCode":"0A04INQE","vnp_TransactionNo":"15204241","vnp_TransactionStatus":"00","vnp_TxnRef":"107_1760511906","vnp_SecureHash":"aed07cb505b5705bbd53b71cc68fbe7e9cfbbd94f6064ef6d3ea50790c936e0bac44fd0abe1b8573804a9063e321413fa22a0ea7025bb0b9016ae7c2ca85ab83"}
2025-10-15T14:05:36+07:00 RETURN SIGN FAIL: order=107 params={"vnp_Amount":"425000000","vnp_BankCode":"NCB","vnp_BankTranNo":"VNP15204241","vnp_CardType":"ATM","vnp_OrderInfo":"Thanh toan don hang #107","vnp_PayDate":"20251015140709","vnp_ResponseCode":"00","vnp_TmnCode":"0A04INQE","vnp_TransactionNo":"15204241","vnp_TransactionStatus":"00","vnp_TxnRef":"107_1760511906"}
2025-10-15T14:08:28+07:00 RETURN - using connect.php: C:\xampp\htdocs\api\project\vnpay_php/../connect.php
2025-10-15T14:08:28+07:00 RETURN CALLED: {"vnp_Amount":"425000000","vnp_BankCode":"NCB","vnp_BankTranNo":"VNP15204252","vnp_CardType":"ATM","vnp_OrderInfo":"Thanh toan don hang #109","vnp_PayDate":"20251015141003","vnp_ResponseCode":"00","vnp_TmnCode":"0A04INQE","vnp_TransactionNo":"15204252","vnp_TransactionStatus":"00","vnp_TxnRef":"109_1760512081","vnp_SecureHash":"25b60bbeddbf00ee8af9a47cc32373ade14582b8257a310e70569c06ae6f283405f77ad0168830938b96e254707119ab580cfdf0dba32f57a2f358a7ce307262"}
2025-10-15T14:08:28+07:00 RETURN HASHCHECK our=25b60bbeddbf00ee8af9a47cc32373ade14582b8257a310e70569c06ae6f283405f77ad0168830938b96e254707119ab580cfdf0dba32f57a2f358a7ce307262 theirs=25b60bbeddbf00ee8af9a47cc32373ade14582b8257a310e70569c06ae6f283405f77ad0168830938b96e254707119ab580cfdf0dba32f57a2f358a7ce307262 hashData=vnp_Amount=425000000&vnp_BankCode=NCB&vnp_BankTranNo=VNP15204252&vnp_CardType=ATM&vnp_OrderInfo=Thanh+toan+don+hang+%23109&vnp_PayDate=20251015141003&vnp_ResponseCode=00&vnp_TmnCode=0A04INQE&vnp_TransactionNo=15204252&vnp_TransactionStatus=00&vnp_TxnRef=109_1760512081
2025-10-15T14:08:28+07:00 RETURN CLEARED CART: user=6 cart_id=1
2025-10-15T14:08:28+07:00 RETURN PROCESSED SUCCESS: order=109 txn=15204252 amount=170
2025-10-15T22:58:12+07:00 RETURN - using connect.php: C:\xampp\htdocs\api\project\vnpay_php/../connect.php
2025-10-15T22:58:12+07:00 RETURN CALLED: {"vnp_Amount":"287500000","vnp_BankCode":"NCB","vnp_BankTranNo":"VNP15205195","vnp_CardType":"ATM","vnp_OrderInfo":"Thanh toan don hang #112","vnp_PayDate":"20251015225947","vnp_ResponseCode":"00","vnp_TmnCode":"0A04INQE","vnp_TransactionNo":"15205195","vnp_TransactionStatus":"00","vnp_TxnRef":"112_1760543825","vnp_SecureHash":"8f7f047cc6812ec25138412f2107de689db0effa81965b3349e143889fe42a14527eef96d0f009595735328bbbaa8509554083523b1a0c51a1954743b8252c42"}
2025-10-15T22:58:12+07:00 RETURN HASHCHECK our=8f7f047cc6812ec25138412f2107de689db0effa81965b3349e143889fe42a14527eef96d0f009595735328bbbaa8509554083523b1a0c51a1954743b8252c42 theirs=8f7f047cc6812ec25138412f2107de689db0effa81965b3349e143889fe42a14527eef96d0f009595735328bbbaa8509554083523b1a0c51a1954743b8252c42 hashData=vnp_Amount=287500000&vnp_BankCode=NCB&vnp_BankTranNo=VNP15205195&vnp_CardType=ATM&vnp_OrderInfo=Thanh+toan+don+hang+%23112&vnp_PayDate=20251015225947&vnp_ResponseCode=00&vnp_TmnCode=0A04INQE&vnp_TransactionNo=15205195&vnp_TransactionStatus=00&vnp_TxnRef=112_1760543825
2025-10-15T22:58:12+07:00 RETURN CLEARED CART: user=6 cart_id=1
2025-10-15T22:58:12+07:00 RETURN PROCESSED SUCCESS: order=112 txn=15205195 amount=115
2025-10-15T23:10:15+07:00 RETURN - using connect.php: C:\xampp\htdocs\api\project\vnpay_php/../connect.php
2025-10-15T23:10:15+07:00 RETURN CALLED: {"vnp_Amount":"62475000","vnp_BankCode":"NCB","vnp_BankTranNo":"VNP15205216","vnp_CardType":"ATM","vnp_OrderInfo":"Thanh toan don hang #113","vnp_PayDate":"20251015231149","vnp_ResponseCode":"00","vnp_TmnCode":"0A04INQE","vnp_TransactionNo":"15205216","vnp_TransactionStatus":"00","vnp_TxnRef":"113_1760544579","vnp_SecureHash":"bcd512f3ef5d5cee792ea4de7c7a7edce8a9c661a7ae049441856dc14f38824bc611d797ff9a6fc6a88fb28b0d5810e3ef9a92f283e785c41eceb1a0e5279c64"}
2025-10-15T23:10:15+07:00 RETURN HASHCHECK our=bcd512f3ef5d5cee792ea4de7c7a7edce8a9c661a7ae049441856dc14f38824bc611d797ff9a6fc6a88fb28b0d5810e3ef9a92f283e785c41eceb1a0e5279c64 theirs=bcd512f3ef5d5cee792ea4de7c7a7edce8a9c661a7ae049441856dc14f38824bc611d797ff9a6fc6a88fb28b0d5810e3ef9a92f283e785c41eceb1a0e5279c64 hashData=vnp_Amount=62475000&vnp_BankCode=NCB&vnp_BankTranNo=VNP15205216&vnp_CardType=ATM&vnp_OrderInfo=Thanh+toan+don+hang+%23113&vnp_PayDate=20251015231149&vnp_ResponseCode=00&vnp_TmnCode=0A04INQE&vnp_TransactionNo=15205216&vnp_TransactionStatus=00&vnp_TxnRef=113_1760544579
2025-10-15T23:10:15+07:00 RETURN CLEARED CART: user=6 cart_id=1
2025-10-15T23:10:15+07:00 RETURN PROCESSED SUCCESS: order=113 txn=15205216 amount=24.99
2025-10-18T20:14:28+07:00 RETURN - using connect.php: C:\xampp\htdocs\api\project\vnpay_php/../connect.php
2025-10-18T20:14:28+07:00 RETURN CALLED: {"vnp_Amount":"687500000","vnp_BankCode":"VNPAY","vnp_CardType":"QRCODE","vnp_OrderInfo":"Thanh toan don hang #117","vnp_PayDate":"20251018201544","vnp_ResponseCode":"24","vnp_TmnCode":"0A04INQE","vnp_TransactionNo":"0","vnp_TransactionStatus":"02","vnp_TxnRef":"117_1760793229","vnp_SecureHash":"4a2d9bb2796fa56fae0c80831d7343a054e8199e9a099fc8527ec1a2b4b2e87292ccbca66434c2e5e08d148b6b5dfb53ad5f59f52742e6d8ee634698354a939c"}
2025-10-18T20:14:28+07:00 RETURN HASHCHECK our=4a2d9bb2796fa56fae0c80831d7343a054e8199e9a099fc8527ec1a2b4b2e87292ccbca66434c2e5e08d148b6b5dfb53ad5f59f52742e6d8ee634698354a939c theirs=4a2d9bb2796fa56fae0c80831d7343a054e8199e9a099fc8527ec1a2b4b2e87292ccbca66434c2e5e08d148b6b5dfb53ad5f59f52742e6d8ee634698354a939c hashData=vnp_Amount=687500000&vnp_BankCode=VNPAY&vnp_CardType=QRCODE&vnp_OrderInfo=Thanh+toan+don+hang+%23117&vnp_PayDate=20251018201544&vnp_ResponseCode=24&vnp_TmnCode=0A04INQE&vnp_TransactionNo=0&vnp_TransactionStatus=02&vnp_TxnRef=117_1760793229
2025-10-18T20:14:28+07:00 RETURN PROCESSED FAILED: order=117
2025-10-20T22:55:47+07:00 RETURN - using connect.php: C:\xampp\htdocs\api\project\vnpay_php/../connect.php
2025-10-20T22:55:47+07:00 RETURN CALLED: {"vnp_Amount":"87500000","vnp_BankCode":"NCB","vnp_BankTranNo":"VNP15211332","vnp_CardType":"ATM","vnp_OrderInfo":"Thanh toan don hang #122","vnp_PayDate":"20251020225723","vnp_ResponseCode":"00","vnp_TmnCode":"0A04INQE","vnp_TransactionNo":"15211332","vnp_TransactionStatus":"00","vnp_TxnRef":"122_1760975710","vnp_SecureHash":"46faf2269867b037c7900ef79dd162e89d72282484207c47a1f81e4649d7850ce35211e54ab86e2ee50c17dc79bc93c93b5d0604bcc7776dba28384b07413914"}
2025-10-20T22:55:47+07:00 RETURN HASHCHECK our=46faf2269867b037c7900ef79dd162e89d72282484207c47a1f81e4649d7850ce35211e54ab86e2ee50c17dc79bc93c93b5d0604bcc7776dba28384b07413914 theirs=46faf2269867b037c7900ef79dd162e89d72282484207c47a1f81e4649d7850ce35211e54ab86e2ee50c17dc79bc93c93b5d0604bcc7776dba28384b07413914 hashData=vnp_Amount=87500000&vnp_BankCode=NCB&vnp_BankTranNo=VNP15211332&vnp_CardType=ATM&vnp_OrderInfo=Thanh+toan+don+hang+%23122&vnp_PayDate=20251020225723&vnp_ResponseCode=00&vnp_TmnCode=0A04INQE&vnp_TransactionNo=15211332&vnp_TransactionStatus=00&vnp_TxnRef=122_1760975710
2025-10-20T22:55:47+07:00 RETURN CLEARED CART: user=6 cart_id=1
2025-10-20T22:55:47+07:00 RETURN PROCESSED SUCCESS: order=122 txn=15211332 amount=35
2025-10-21T01:12:02+07:00 RETURN - using connect.php: C:\xampp\htdocs\api\project\vnpay_php/../connect.php
2025-10-21T01:12:02+07:00 RETURN CALLED: {"vnp_Amount":"62475000","vnp_BankCode":"NCB","vnp_BankTranNo":"VNP15211503","vnp_CardType":"ATM","vnp_OrderInfo":"Thanh toan don hang #125","vnp_PayDate":"20251021011337","vnp_ResponseCode":"00","vnp_TmnCode":"0A04INQE","vnp_TransactionNo":"15211503","vnp_TransactionStatus":"00","vnp_TxnRef":"125_1760983889","vnp_SecureHash":"3d86746151aca443cf5543b90a431dff4e24374ea2e77fb911102b24a6ca4e1922f159d5b70b20d6689a288baabaf866c27baa11c419c8380696caa9f7e9121d"}
2025-10-21T01:12:02+07:00 RETURN HASHCHECK our=3d86746151aca443cf5543b90a431dff4e24374ea2e77fb911102b24a6ca4e1922f159d5b70b20d6689a288baabaf866c27baa11c419c8380696caa9f7e9121d theirs=3d86746151aca443cf5543b90a431dff4e24374ea2e77fb911102b24a6ca4e1922f159d5b70b20d6689a288baabaf866c27baa11c419c8380696caa9f7e9121d hashData=vnp_Amount=62475000&vnp_BankCode=NCB&vnp_BankTranNo=VNP15211503&vnp_CardType=ATM&vnp_OrderInfo=Thanh+toan+don+hang+%23125&vnp_PayDate=20251021011337&vnp_ResponseCode=00&vnp_TmnCode=0A04INQE&vnp_TransactionNo=15211503&vnp_TransactionStatus=00&vnp_TxnRef=125_1760983889
2025-10-21T01:12:02+07:00 RETURN CLEARED CART: user=6 cart_id=1
2025-10-21T01:12:02+07:00 RETURN PROCESSED SUCCESS: order=125 txn=15211503 amount=24.99
2025-10-21T19:08:20+07:00 RETURN - using connect.php: C:\xampp\htdocs\api\project\vnpay_php/../connect.php
2025-10-21T19:08:20+07:00 RETURN CALLED: {"vnp_Amount":"62475000","vnp_BankCode":"NCB","vnp_BankTranNo":"VNP15212781","vnp_CardType":"ATM","vnp_OrderInfo":"Thanh toan don hang #126","vnp_PayDate":"20251021190941","vnp_ResponseCode":"00","vnp_TmnCode":"0A04INQE","vnp_TransactionNo":"15212781","vnp_TransactionStatus":"00","vnp_TxnRef":"126_1761048403","vnp_SecureHash":"cd585d84e04230238f678b8117df7411dc7d8777d514338bb83c8171fd277e486b537f18e985122abcb4d163e96aa3d674f8c1dca66c26082d52021772253bd8"}
2025-10-21T19:08:20+07:00 RETURN HASHCHECK our=cd585d84e04230238f678b8117df7411dc7d8777d514338bb83c8171fd277e486b537f18e985122abcb4d163e96aa3d674f8c1dca66c26082d52021772253bd8 theirs=cd585d84e04230238f678b8117df7411dc7d8777d514338bb83c8171fd277e486b537f18e985122abcb4d163e96aa3d674f8c1dca66c26082d52021772253bd8 hashData=vnp_Amount=62475000&vnp_BankCode=NCB&vnp_BankTranNo=VNP15212781&vnp_CardType=ATM&vnp_OrderInfo=Thanh+toan+don+hang+%23126&vnp_PayDate=20251021190941&vnp_ResponseCode=00&vnp_TmnCode=0A04INQE&vnp_TransactionNo=15212781&vnp_TransactionStatus=00&vnp_TxnRef=126_1761048403
2025-10-21T19:08:20+07:00 RETURN CLEARED CART: user=6 cart_id=1
2025-10-21T19:08:20+07:00 RETURN PROCESSED SUCCESS: order=126 txn=15212781 amount=24.99
2025-10-21T23:55:42+07:00 RETURN - using connect.php: C:\xampp\htdocs\api\project\vnpay_php/../connect.php
2025-10-21T23:55:42+07:00 RETURN CALLED: {"vnp_Amount":"142500000","vnp_BankCode":"NCB","vnp_BankTranNo":"VNP15213124","vnp_CardType":"ATM","vnp_OrderInfo":"Thanh toan don hang #128","vnp_PayDate":"20251021235717","vnp_ResponseCode":"00","vnp_TmnCode":"0A04INQE","vnp_TransactionNo":"15213124","vnp_TransactionStatus":"00","vnp_TxnRef":"128_1761065701","vnp_SecureHash":"cb0940f81ac7d52d134dd7d1223a8953184a1776fa8c90e19a448e28ac81b279bc12edbe15c63b18d071c8da75f355925b8fbee56e2d3ff99052b3f82fc3ee4e"}
2025-10-21T23:55:42+07:00 RETURN HASHCHECK our=cb0940f81ac7d52d134dd7d1223a8953184a1776fa8c90e19a448e28ac81b279bc12edbe15c63b18d071c8da75f355925b8fbee56e2d3ff99052b3f82fc3ee4e theirs=cb0940f81ac7d52d134dd7d1223a8953184a1776fa8c90e19a448e28ac81b279bc12edbe15c63b18d071c8da75f355925b8fbee56e2d3ff99052b3f82fc3ee4e hashData=vnp_Amount=142500000&vnp_BankCode=NCB&vnp_BankTranNo=VNP15213124&vnp_CardType=ATM&vnp_OrderInfo=Thanh+toan+don+hang+%23128&vnp_PayDate=20251021235717&vnp_ResponseCode=00&vnp_TmnCode=0A04INQE&vnp_TransactionNo=15213124&vnp_TransactionStatus=00&vnp_TxnRef=128_1761065701
2025-10-21T23:55:42+07:00 RETURN CLEARED CART: user=6 cart_id=1
2025-10-21T23:55:42+07:00 RETURN PROCESSED SUCCESS: order=128 txn=15213124 amount=57
2025-10-23T10:19:43+07:00 RETURN - using connect.php: C:\xampp\htdocs\api\project\vnpay_php/../connect.php
2025-10-23T10:19:43+07:00 RETURN CALLED: {"vnp_Amount":"192474900","vnp_BankCode":"NCB","vnp_BankTranNo":"VNP15215139","vnp_CardType":"ATM","vnp_OrderInfo":"Thanh toan don hang #129","vnp_PayDate":"20251023102113","vnp_ResponseCode":"00","vnp_TmnCode":"0A04INQE","vnp_TransactionNo":"15215139","vnp_TransactionStatus":"00","vnp_TxnRef":"129_1761189540","vnp_SecureHash":"ea6b8ffdb971f3b870ef583fae9bee6cfcaa42b5400e5e86601532df855610bc368df355609cb3541ef03a6e3cbf5d56cf33569be2046bf90e81c2d91c3fc279"}
2025-10-23T10:19:43+07:00 RETURN HASHCHECK our=ea6b8ffdb971f3b870ef583fae9bee6cfcaa42b5400e5e86601532df855610bc368df355609cb3541ef03a6e3cbf5d56cf33569be2046bf90e81c2d91c3fc279 theirs=ea6b8ffdb971f3b870ef583fae9bee6cfcaa42b5400e5e86601532df855610bc368df355609cb3541ef03a6e3cbf5d56cf33569be2046bf90e81c2d91c3fc279 hashData=vnp_Amount=192474900&vnp_BankCode=NCB&vnp_BankTranNo=VNP15215139&vnp_CardType=ATM&vnp_OrderInfo=Thanh+toan+don+hang+%23129&vnp_PayDate=20251023102113&vnp_ResponseCode=00&vnp_TmnCode=0A04INQE&vnp_TransactionNo=15215139&vnp_TransactionStatus=00&vnp_TxnRef=129_1761189540
2025-10-23T10:19:43+07:00 RETURN CLEARED CART: user=6 cart_id=1
2025-10-23T10:19:43+07:00 RETURN PROCESSED SUCCESS: order=129 txn=15215139 amount=76.98996
2025-10-23T10:22:15+07:00 RETURN - using connect.php: C:\xampp\htdocs\api\project\vnpay_php/../connect.php
2025-10-23T10:22:15+07:00 RETURN CALLED: {"vnp_Amount":"2299975000","vnp_BankCode":"NCB","vnp_BankTranNo":"VNP15215140","vnp_CardType":"ATM","vnp_OrderInfo":"Thanh toan don hang #130","vnp_PayDate":"20251023102353","vnp_ResponseCode":"00","vnp_TmnCode":"0A04INQE","vnp_TransactionNo":"15215140","vnp_TransactionStatus":"00","vnp_TxnRef":"130_1761189709","vnp_SecureHash":"e1e4d1da38a33698008c251fbe159ecdcfb35f0d10ee605a3c63578e65f1e99c591d27b2c82ec9ec2dae0d984faed14ebb569d6e700717b1aa64fd8a0b66201b"}
2025-10-23T10:22:15+07:00 RETURN HASHCHECK our=e1e4d1da38a33698008c251fbe159ecdcfb35f0d10ee605a3c63578e65f1e99c591d27b2c82ec9ec2dae0d984faed14ebb569d6e700717b1aa64fd8a0b66201b theirs=e1e4d1da38a33698008c251fbe159ecdcfb35f0d10ee605a3c63578e65f1e99c591d27b2c82ec9ec2dae0d984faed14ebb569d6e700717b1aa64fd8a0b66201b hashData=vnp_Amount=2299975000&vnp_BankCode=NCB&vnp_BankTranNo=VNP15215140&vnp_CardType=ATM&vnp_OrderInfo=Thanh+toan+don+hang+%23130&vnp_PayDate=20251023102353&vnp_ResponseCode=00&vnp_TmnCode=0A04INQE&vnp_TransactionNo=15215140&vnp_TransactionStatus=00&vnp_TxnRef=130_1761189709
2025-10-23T10:22:15+07:00 RETURN CLEARED CART: user=6 cart_id=1
2025-10-23T10:22:15+07:00 RETURN PROCESSED SUCCESS: order=130 txn=15215140 amount=919.99
2025-10-23T23:36:28+07:00 RETURN - using connect.php: C:\xampp\htdocs\api\project\vnpay_php/../connect.php
2025-10-23T23:36:28+07:00 RETURN CALLED: {"vnp_Amount":"1275000000","vnp_BankCode":"NCB","vnp_BankTranNo":"VNP15216476","vnp_CardType":"ATM","vnp_OrderInfo":"Thanh toan don hang #131","vnp_PayDate":"20251023233805","vnp_ResponseCode":"00","vnp_TmnCode":"0A04INQE","vnp_TransactionNo":"15216476","vnp_TransactionStatus":"00","vnp_TxnRef":"131_1761237352","vnp_SecureHash":"1117d5f6f78663c869b4dfe69c291143327ecd434d46a77aeabef1fa70ecca36c093481e581df7178a6dbc99e6fb3b028926bec65d4f2005cbca0ff50c1924c2"}
2025-10-23T23:36:28+07:00 RETURN HASHCHECK our=1117d5f6f78663c869b4dfe69c291143327ecd434d46a77aeabef1fa70ecca36c093481e581df7178a6dbc99e6fb3b028926bec65d4f2005cbca0ff50c1924c2 theirs=1117d5f6f78663c869b4dfe69c291143327ecd434d46a77aeabef1fa70ecca36c093481e581df7178a6dbc99e6fb3b028926bec65d4f2005cbca0ff50c1924c2 hashData=vnp_Amount=1275000000&vnp_BankCode=NCB&vnp_BankTranNo=VNP15216476&vnp_CardType=ATM&vnp_OrderInfo=Thanh+toan+don+hang+%23131&vnp_PayDate=20251023233805&vnp_ResponseCode=00&vnp_TmnCode=0A04INQE&vnp_TransactionNo=15216476&vnp_TransactionStatus=00&vnp_TxnRef=131_1761237352
2025-10-23T23:36:28+07:00 RETURN CLEARED CART: user=2 cart_id=2
2025-10-23T23:36:28+07:00 RETURN PROCESSED SUCCESS: order=131 txn=15216476 amount=510
2025-10-23T23:52:19+07:00 RETURN - using connect.php: C:\xampp\htdocs\api\project\vnpay_php/../connect.php
2025-10-23T23:52:19+07:00 RETURN CALLED: {"vnp_Amount":"687500000","vnp_BankCode":"NCB","vnp_BankTranNo":"VNP15216494","vnp_CardType":"ATM","vnp_OrderInfo":"Thanh toan don hang #133","vnp_PayDate":"20251023235351","vnp_ResponseCode":"00","vnp_TmnCode":"0A04INQE","vnp_TransactionNo":"15216494","vnp_TransactionStatus":"00","vnp_TxnRef":"133_1761238306","vnp_SecureHash":"c74cb68d23fa8e152b988a4966bfc446a07a3f50853463d3bce29fcef698d08cae72197d015a74adc7a0212dd3e15f9e0a719eeb4e34defd904968fb0b8cfcd3"}
2025-10-23T23:52:19+07:00 RETURN HASHCHECK our=c74cb68d23fa8e152b988a4966bfc446a07a3f50853463d3bce29fcef698d08cae72197d015a74adc7a0212dd3e15f9e0a719eeb4e34defd904968fb0b8cfcd3 theirs=c74cb68d23fa8e152b988a4966bfc446a07a3f50853463d3bce29fcef698d08cae72197d015a74adc7a0212dd3e15f9e0a719eeb4e34defd904968fb0b8cfcd3 hashData=vnp_Amount=687500000&vnp_BankCode=NCB&vnp_BankTranNo=VNP15216494&vnp_CardType=ATM&vnp_OrderInfo=Thanh+toan+don+hang+%23133&vnp_PayDate=20251023235351&vnp_ResponseCode=00&vnp_TmnCode=0A04INQE&vnp_TransactionNo=15216494&vnp_TransactionStatus=00&vnp_TxnRef=133_1761238306
2025-10-23T23:52:19+07:00 RETURN CLEARED CART: user=2 cart_id=2
2025-10-23T23:52:19+07:00 RETURN PROCESSED SUCCESS: order=133 txn=15216494 amount=275
